<?xml version="1.0" encoding="UTF-8"?>
<!-- Generated by org.testng.reporters.JUnitReportReporter -->
<testsuite hostname="PTD23504" name="com.practicejson.jsonsimple.DemoTestjson" tests="1" failures="0" timestamp="30 Mar 2018 07:58:38 GMT" time="0.725" errors="0">
  <testcase name="testMain" time="0.725" classname="com.practicejson.jsonsimple.DemoTestjson"/>
</testsuite> <!-- com.practicejson.jsonsimple.DemoTestjson -->
